<?xml version="1.0" encoding="UTF-8"?>
<!-- Generated by org.testng.reporters.JUnitReportReporter -->
<testsuite hostname="sidharth" failures="0" tests="5" name="test.hometest" time="1.353" errors="0" timestamp="2026-02-12T11:31:56 IST" skipped="0">
  <testcase classname="test.hometest" name="verifyHeaderLinksClickable" time="0.181"/>
  <testcase classname="test.hometest" name="verifyTopMenuClickable" time="0.375"/>
  <testcase classname="test.hometest" name="clickregisterfromyacc" time="0.752"/>
  <testcase classname="test.hometest" name="verifyLogoVisible" time="0.027"/>
  <testcase classname="test.hometest" name="verifyTitle" time="0.018"/>
</testsuite> <!-- test.hometest -->
