<?xml version="1.0" encoding="UTF-8"?>
<testng-results ignored="0" total="4" passed="4" failed="0" skipped="0">
  <reporter-output>
  </reporter-output>
  <suite started-at="2026-01-29T17:20:29 IST" name="Suite" finished-at="2026-01-29T17:20:39 IST" duration-ms="9966">
    <groups>
    </groups>
    <test started-at="2026-01-29T17:20:29 IST" name="Test" finished-at="2026-01-29T17:20:39 IST" duration-ms="9966">
      <class name="testpkg.prptyinfotest">
        <test-method is-config="true" signature="bfrmthd()[pri:0, instance:testpkg.prptyinfotest@1573f9fc]" started-at="2026-01-29T17:20:38 IST" name="bfrmthd" finished-at="2026-01-29T17:20:38 IST" duration-ms="1" status="PASS">
          <reporter-output>
          </reporter-output>
        </test-method> <!-- bfrmthd -->
        <test-method signature="fillPropertyInfo()[pri:0, instance:testpkg.prptyinfotest@1573f9fc]" started-at="2026-01-29T17:20:38 IST" name="fillPropertyInfo" finished-at="2026-01-29T17:20:39 IST" duration-ms="1400" status="PASS">
          <reporter-output>
          </reporter-output>
        </test-method> <!-- fillPropertyInfo -->
      </class> <!-- testpkg.prptyinfotest -->
      <class name="testpkg.kplogintest">
        <test-method is-config="true" signature="setup()[pri:0, instance:testpkg.kplogintest@327514f]" started-at="2026-01-29T17:20:29 IST" name="setup" finished-at="2026-01-29T17:20:34 IST" duration-ms="4345" status="PASS">
          <reporter-output>
          </reporter-output>
        </test-method> <!-- setup -->
        <test-method is-config="true" signature="bfrmthd()[pri:0, instance:testpkg.kplogintest@327514f]" started-at="2026-01-29T17:20:34 IST" name="bfrmthd" finished-at="2026-01-29T17:20:34 IST" duration-ms="32" status="PASS">
          <reporter-output>
          </reporter-output>
        </test-method> <!-- bfrmthd -->
        <test-method signature="test()[pri:0, instance:testpkg.kplogintest@327514f]" started-at="2026-01-29T17:20:34 IST" name="test" finished-at="2026-01-29T17:20:37 IST" duration-ms="3326" status="PASS">
          <reporter-output>
          </reporter-output>
        </test-method> <!-- test -->
      </class> <!-- testpkg.kplogintest -->
      <class name="testpkg.kpaddprptytest">
        <test-method is-config="true" signature="bfrmthd()[pri:0, instance:testpkg.kpaddprptytest@5542c4ed]" started-at="2026-01-29T17:20:37 IST" name="bfrmthd" finished-at="2026-01-29T17:20:37 IST" duration-ms="1" status="PASS">
          <reporter-output>
          </reporter-output>
        </test-method> <!-- bfrmthd -->
        <test-method signature="testAddPropertyClick()[pri:0, instance:testpkg.kpaddprptytest@5542c4ed]" started-at="2026-01-29T17:20:37 IST" name="testAddPropertyClick" finished-at="2026-01-29T17:20:38 IST" duration-ms="762" status="PASS">
          <reporter-output>
          </reporter-output>
        </test-method> <!-- testAddPropertyClick -->
      </class> <!-- testpkg.kpaddprptytest -->
      <class name="testpkg.kphometest">
        <test-method is-config="true" signature="bfrmthd()[pri:0, instance:testpkg.kphometest@815b41f]" started-at="2026-01-29T17:20:37 IST" name="bfrmthd" finished-at="2026-01-29T17:20:37 IST" duration-ms="2" status="PASS">
          <reporter-output>
          </reporter-output>
        </test-method> <!-- bfrmthd -->
        <test-method signature="display()[pri:0, instance:testpkg.kphometest@815b41f]" started-at="2026-01-29T17:20:37 IST" name="display" finished-at="2026-01-29T17:20:37 IST" duration-ms="38" status="PASS">
          <reporter-output>
          </reporter-output>
        </test-method> <!-- display -->
      </class> <!-- testpkg.kphometest -->
    </test> <!-- Test -->
  </suite> <!-- Suite -->
</testng-results>
