<?xml version="1.0" encoding="UTF-8"?>
<!-- Generated by org.testng.reporters.JUnitXMLReporter -->
<testsuite ignored="4" hostname="sidharth" failures="3" tests="7" name="Automation Tests" time="5.944" errors="0" timestamp="2026-01-29T14:54:51 IST">
  <testcase classname="test.hometest" name="verifyHeaderLinksClickable" time="0.215"/>
  <testcase classname="test.hometest" name="verifyLogoVisible" time="0.026"/>
  <testcase classname="test.hometest" name="verifyRegisterFromMyAccount" time="1.025"/>
  <testcase classname="test.hometest" name="verifyTitle" time="0.011">
    <failure type="java.lang.AssertionError" message="Page title mismatch expected [Your Store] but found [Register Account]">
      <![CDATA[java.lang.AssertionError: Page title mismatch expected [Your Store] but found [Register Account]
at test.hometest.verifyTitle(hometest.java:12)
at java.base/java.util.ArrayList.forEach(ArrayList.java:1511)
... Removed 30 stack frames]]>
    </failure>
  </testcase> <!-- verifyTitle -->
  <testcase classname="test.hometest" name="verifyTopMenuClickable" time="0.347"/>
  <testcase classname="test.Registertest" name="verifyUserCanRegisterWithNewsletterYes" time="0.001">
    <failure type="java.lang.NullPointerException" message="Cannot invoke &amp;quot;org.openqa.selenium.SearchContext.findElement(org.openqa.selenium.By)&amp;quot; because &amp;quot;this.searchContext&amp;quot; is null">
      <![CDATA[java.lang.NullPointerException: Cannot invoke "org.openqa.selenium.SearchContext.findElement(org.openqa.selenium.By)" because "this.searchContext" is null
at org.openqa.selenium.support.pagefactory.DefaultElementLocator.findElement(DefaultElementLocator.java:68)
at org.openqa.selenium.support.pagefactory.internal.LocatingElementHandler.invoke(LocatingElementHandler.java:38)
at jdk.proxy2/jdk.proxy2.$Proxy13.sendKeys(Unknown Source)
at page.Registerpage.enterFirstName(Registerpage.java:55)
at test.Registertest.verifyUserCanRegisterWithNewsletterYes(Registertest.java:13)
at java.base/java.util.ArrayList.forEach(ArrayList.java:1511)
... Removed 25 stack frames]]>
    </failure>
  </testcase> <!-- verifyUserCanRegisterWithNewsletterYes -->
  <testcase classname="test.Desktoptest" name="ratingHighest" time="0.003">
    <failure type="java.lang.NullPointerException" message="Cannot invoke &amp;quot;org.openqa.selenium.SearchContext.findElement(org.openqa.selenium.By)&amp;quot; because &amp;quot;this.searchContext&amp;quot; is null">
      <![CDATA[java.lang.NullPointerException: Cannot invoke "org.openqa.selenium.SearchContext.findElement(org.openqa.selenium.By)" because "this.searchContext" is null
at org.openqa.selenium.support.pagefactory.DefaultElementLocator.findElement(DefaultElementLocator.java:68)
at org.openqa.selenium.support.pagefactory.internal.LocatingElementHandler.invoke(LocatingElementHandler.java:38)
at jdk.proxy2/jdk.proxy2.$Proxy13.getTagName(Unknown Source)
at org.openqa.selenium.support.ui.Select.<init>(Select.java:41)
at page.Desktoppage.sortbyhighest(Desktoppage.java:29)
at test.Desktoptest.ratingHighest(Desktoptest.java:10)
at java.base/java.util.ArrayList.forEach(ArrayList.java:1511)
... Removed 25 stack frames]]>
    </failure>
  </testcase> <!-- ratingHighest -->
  <testcase classname="base.opencartbase" name="@AfterTest tearDown" time="0.0">
    <ignored/>
  </testcase> <!-- @AfterTest tearDown -->
  <testcase classname="base.opencartbase" name="@BeforeTest setup" time="0.0">
    <ignored/>
  </testcase> <!-- @BeforeTest setup -->
  <testcase classname="base.opencartbase" name="@AfterTest tearDown" time="0.0">
    <ignored/>
  </testcase> <!-- @AfterTest tearDown -->
  <testcase classname="base.opencartbase" name="@BeforeTest setup" time="0.0">
    <ignored/>
  </testcase> <!-- @BeforeTest setup -->
</testsuite> <!-- Automation Tests -->
