<?xml version="1.0" encoding="UTF-8"?>
<!-- Generated by org.testng.reporters.JUnitXMLReporter -->
<testsuite ignored="10" hostname="sidharth" failures="0" tests="10" name="Test" time="21.243" errors="0" timestamp="2026-02-12T11:31:56 IST">
  <testcase classname="test.hometest" name="clickregisterfromyacc" time="0.747"/>
  <testcase classname="test.hometest" name="verifyHeaderLinksClickable" time="0.169"/>
  <testcase classname="test.hometest" name="verifyLogoVisible" time="0.024"/>
  <testcase classname="test.hometest" name="verifyTitle" time="0.008"/>
  <testcase classname="test.hometest" name="verifyTopMenuClickable" time="0.334"/>
  <testcase classname="test.Registertest" name="verifyUserCanRegisterWithNewsletterYes" time="1.898"/>
  <testcase classname="test.Successtest" name="clickShowAllDesktops" time="1.105"/>
  <testcase classname="test.Categorytest" name="sortHighToLowAndAddAllItemsToWishlist" time="2.695"/>
  <testcase classname="test.Producttest" name="selectDateAndQuantityTest" time="1.015"/>
  <testcase classname="test.Checkouttest" name="completeCheckoutTest" time="6.204"/>
  <testcase classname="base.opencartbase" name="@BeforeTest setup" time="0.0">
    <ignored/>
  </testcase> <!-- @BeforeTest setup -->
  <testcase classname="base.opencartbase" name="@BeforeTest setup" time="0.0">
    <ignored/>
  </testcase> <!-- @BeforeTest setup -->
  <testcase classname="base.opencartbase" name="@BeforeTest setup" time="0.0">
    <ignored/>
  </testcase> <!-- @BeforeTest setup -->
  <testcase classname="base.opencartbase" name="@AfterTest tearDown" time="0.0">
    <ignored/>
  </testcase> <!-- @AfterTest tearDown -->
  <testcase classname="base.opencartbase" name="@AfterTest tearDown" time="0.0">
    <ignored/>
  </testcase> <!-- @AfterTest tearDown -->
  <testcase classname="base.opencartbase" name="@AfterTest tearDown" time="0.0">
    <ignored/>
  </testcase> <!-- @AfterTest tearDown -->
  <testcase classname="base.opencartbase" name="@AfterTest tearDown" time="0.0">
    <ignored/>
  </testcase> <!-- @AfterTest tearDown -->
  <testcase classname="base.opencartbase" name="@BeforeTest setup" time="0.0">
    <ignored/>
  </testcase> <!-- @BeforeTest setup -->
  <testcase classname="base.opencartbase" name="@BeforeTest setup" time="0.0">
    <ignored/>
  </testcase> <!-- @BeforeTest setup -->
  <testcase classname="base.opencartbase" name="@AfterTest tearDown" time="0.0">
    <ignored/>
  </testcase> <!-- @AfterTest tearDown -->
</testsuite> <!-- Test -->
