<?xml version="1.0" encoding="UTF-8"?>
<!-- Generated by org.testng.reporters.JUnitXMLReporter -->
<testsuite ignored="3" hostname="sidharth" failures="0" tests="4" name="Test" time="9.966" errors="0" timestamp="2026-01-29T17:20:39 IST">
  <testcase classname="testpkg.kplogintest" name="test" time="3.326"/>
  <testcase classname="testpkg.kphometest" name="display" time="0.038"/>
  <testcase classname="testpkg.kpaddprptytest" name="testAddPropertyClick" time="0.762"/>
  <testcase classname="testpkg.prptyinfotest" name="fillPropertyInfo" time="1.4"/>
  <testcase classname="basepkg.kpbaseclass" name="@BeforeTest setup" time="0.0">
    <ignored/>
  </testcase> <!-- @BeforeTest setup -->
  <testcase classname="basepkg.kpbaseclass" name="@BeforeTest setup" time="0.0">
    <ignored/>
  </testcase> <!-- @BeforeTest setup -->
  <testcase classname="basepkg.kpbaseclass" name="@BeforeTest setup" time="0.0">
    <ignored/>
  </testcase> <!-- @BeforeTest setup -->
</testsuite> <!-- Test -->
